[2023-09-11T14:22:50.162643+00:00] main.ERROR: Sample Data error: Warning: file_get_contents(/var/www/html/magento2/pub/media/downloadable/files/links/l/u/luma_background_-_model_against_fence_4_sec_.mp4): Failed to open stream: No such file or directory in /var/www/html/magento2/vendor/magento/module-downloadable-sample-data/Model/Product/Converter.php on line 132 [] []
[2023-09-11T14:23:49.175345+00:00] main.WARNING: Memory size allocated for the temporary table is more than 20% of innodb_buffer_pool_size. Please update innodb_buffer_pool_size or decrease batch size value (which decreases memory usages for the temporary table). Current batch size: 100000; Allocated memory size: 50000000 bytes; InnoDB buffer pool size: 134217728 bytes. [] []
[2023-09-11T14:23:49.251652+00:00] main.WARNING: Memory size allocated for the temporary table is more than 20% of innodb_buffer_pool_size. Please update innodb_buffer_pool_size or decrease batch size value (which decreases memory usages for the temporary table). Current batch size: 100000; Allocated memory size: 50000000 bytes; InnoDB buffer pool size: 134217728 bytes. [] []
[2023-09-11T14:23:49.315159+00:00] main.WARNING: Memory size allocated for the temporary table is more than 20% of innodb_buffer_pool_size. Please update innodb_buffer_pool_size or decrease batch size value (which decreases memory usages for the temporary table). Current batch size: 100000; Allocated memory size: 50000000 bytes; InnoDB buffer pool size: 134217728 bytes. [] []
[2023-09-11T14:23:49.573138+00:00] main.WARNING: Memory size allocated for the temporary table is more than 20% of innodb_buffer_pool_size. Please update innodb_buffer_pool_size or decrease batch size value (which decreases memory usages for the temporary table). Current batch size: 100000; Allocated memory size: 50000000 bytes; InnoDB buffer pool size: 134217728 bytes. [] []
[2023-09-11T14:23:49.641060+00:00] main.WARNING: Memory size allocated for the temporary table is more than 20% of innodb_buffer_pool_size. Please update innodb_buffer_pool_size or decrease batch size value (which decreases memory usages for the temporary table). Current batch size: 100000; Allocated memory size: 50000000 bytes; InnoDB buffer pool size: 134217728 bytes. [] []
[2023-09-11T14:23:49.713901+00:00] main.WARNING: Memory size allocated for the temporary table is more than 20% of innodb_buffer_pool_size. Please update innodb_buffer_pool_size or decrease batch size value (which decreases memory usages for the temporary table). Current batch size: 100000; Allocated memory size: 50000000 bytes; InnoDB buffer pool size: 134217728 bytes. [] []
[2023-09-11T14:23:57.493911+00:00] main.WARNING: Memory size allocated for the temporary table is more than 20% of innodb_buffer_pool_size. Please update innodb_buffer_pool_size or decrease batch size value (which decreases memory usages for the temporary table). Current batch size: 3334; Allocated memory size: 40008000 bytes; InnoDB buffer pool size: 134217728 bytes. [] []
[2023-09-11T15:29:20.618829+00:00] main.INFO: Item Magento_Backend::system_currency was removed [] []
[2023-09-11T15:29:20.630010+00:00] main.INFO: Add of item with id Magento_Config::system_config was processed [] []
[2023-09-11T15:29:20.630925+00:00] main.INFO: Add of item with id Magento_AdminNotification::system_adminnotification was processed [] []
[2023-09-11T15:29:20.631572+00:00] main.INFO: Add of item with id Magento_Theme::design_config was processed [] []
[2023-09-11T15:29:20.632362+00:00] main.INFO: Add of item with id Magento_Theme::system_design_theme was processed [] []
[2023-09-11T15:29:20.633418+00:00] main.INFO: Add of item with id Magento_Backend::system_design_schedule was processed [] []
[2023-09-11T15:29:20.634062+00:00] main.INFO: Add of item with id Magento_Backend::system_store was processed [] []
[2023-09-11T15:29:20.634658+00:00] main.INFO: Add of item with id Magento_Backend::dashboard was processed [] []
[2023-09-11T15:29:20.635259+00:00] main.INFO: Add of item with id Magento_Backend::system was processed [] []
[2023-09-11T15:29:20.635925+00:00] main.INFO: Add of item with id Magento_Backend::system_tools was processed [] []
[2023-09-11T15:29:20.636592+00:00] main.INFO: Add of item with id Magento_Backend::system_design was processed [] []
[2023-09-11T15:29:20.637192+00:00] main.INFO: Add of item with id Magento_Backend::system_convert was processed [] []
[2023-09-11T15:29:20.637891+00:00] main.INFO: Add of item with id Magento_Backend::system_cache was processed [] []
[2023-09-11T15:29:20.638525+00:00] main.INFO: Add of item with id Magento_Backend::marketing was processed [] []
[2023-09-11T15:29:20.639141+00:00] main.INFO: Add of item with id Magento_Backend::marketing_communications was processed [] []
[2023-09-11T15:29:20.639730+00:00] main.INFO: Add of item with id Magento_Backend::marketing_seo was processed [] []
[2023-09-11T15:29:20.640331+00:00] main.INFO: Add of item with id Magento_Backend::marketing_user_content was processed [] []
[2023-09-11T15:29:20.640911+00:00] main.INFO: Add of item with id Magento_Backend::content was processed [] []
[2023-09-11T15:29:20.641561+00:00] main.INFO: Add of item with id Magento_Backend::content_elements was processed [] []
[2023-09-11T15:29:20.642147+00:00] main.INFO: Add of item with id Magento_Backend::stores was processed [] []
[2023-09-11T15:29:20.642764+00:00] main.INFO: Add of item with id Magento_Backend::stores_settings was processed [] []
[2023-09-11T15:29:20.643352+00:00] main.INFO: Add of item with id Magento_Backend::stores_attributes was processed [] []
[2023-09-11T15:29:20.643958+00:00] main.INFO: Add of item with id Magento_Backend::other_settings was processed [] []
[2023-09-11T15:29:20.644547+00:00] main.INFO: Add of item with id Magento_Backend::system_other_settings was processed [] []
[2023-09-11T15:29:20.645126+00:00] main.INFO: Add of item with id Magento_User::system_acl was processed [] []
[2023-09-11T15:29:20.645784+00:00] main.INFO: Add of item with id Magento_User::system_acl_users was processed [] []
[2023-09-11T15:29:20.646373+00:00] main.INFO: Add of item with id Magento_User::system_acl_roles was processed [] []
[2023-09-11T15:29:20.646955+00:00] main.INFO: Add of item with id Magento_User::system_acl_locks was processed [] []
[2023-09-11T15:29:20.647602+00:00] main.INFO: Add of item with id Magento_Customer::customer was processed [] []
[2023-09-11T15:29:20.648324+00:00] main.INFO: Add of item with id Magento_Customer::customer_manage was processed [] []
[2023-09-11T15:29:20.649011+00:00] main.INFO: Add of item with id Magento_Customer::customer_online was processed [] []
[2023-09-11T15:29:20.649614+00:00] main.INFO: Add of item with id Magento_Customer::customer_group was processed [] []
[2023-09-11T15:29:20.650197+00:00] main.INFO: Add of item with id Magento_Backup::system_tools_backup was processed [] []
[2023-09-11T15:29:20.650779+00:00] main.INFO: Add of item with id Magento_Indexer::system_index was processed [] []
[2023-09-11T15:29:20.651379+00:00] main.INFO: Add of item with id Magento_Variable::system_variable was processed [] []
[2023-09-11T15:29:20.652028+00:00] main.INFO: Add of item with id Magento_Cms::cms_page was processed [] []
[2023-09-11T15:29:20.652743+00:00] main.INFO: Add of item with id Magento_Cms::cms_block was processed [] []
[2023-09-11T15:29:20.653489+00:00] main.INFO: Add of item with id Magento_Catalog::catalog was processed [] []
[2023-09-11T15:29:20.654113+00:00] main.INFO: Add of item with id Magento_Catalog::catalog_products was processed [] []
[2023-09-11T15:29:20.654701+00:00] main.INFO: Add of item with id Magento_Catalog::catalog_categories was processed [] []
[2023-09-11T15:29:20.655322+00:00] main.INFO: Add of item with id Magento_Catalog::catalog_attributes_attributes was processed [] []
[2023-09-11T15:29:20.655937+00:00] main.INFO: Add of item with id Magento_Catalog::catalog_attributes_sets was processed [] []
[2023-09-11T15:29:20.656549+00:00] main.INFO: Add of item with id Magento_Catalog::inventory was processed [] []
[2023-09-11T15:29:20.657148+00:00] main.INFO: Add of item with id Magento_Search::search_terms was processed [] []
[2023-09-11T15:29:20.657723+00:00] main.INFO: Add of item with id Magento_Search::search_synonyms was processed [] []
[2023-09-11T15:29:20.658296+00:00] main.INFO: Add of item with id Magento_CatalogRule::promo was processed [] []
[2023-09-11T15:29:20.658935+00:00] main.INFO: Add of item with id Magento_CatalogRule::promo_catalog was processed [] []
[2023-09-11T15:29:20.659519+00:00] main.INFO: Add of item with id Magento_Sales::sales was processed [] []
[2023-09-11T15:29:20.660165+00:00] main.INFO: Add of item with id Magento_Sales::sales_operation was processed [] []
[2023-09-11T15:29:20.660804+00:00] main.INFO: Add of item with id Magento_Sales::sales_order was processed [] []
[2023-09-11T15:29:20.661547+00:00] main.INFO: Add of item with id Magento_Sales::sales_invoice was processed [] []
[2023-09-11T15:29:20.662150+00:00] main.INFO: Add of item with id Magento_Sales::sales_shipment was processed [] []
[2023-09-11T15:29:20.662717+00:00] main.INFO: Add of item with id Magento_Sales::sales_creditmemo was processed [] []
[2023-09-11T15:29:20.663282+00:00] main.INFO: Add of item with id Magento_Sales::sales_transactions was processed [] []
[2023-09-11T15:29:20.663845+00:00] main.INFO: Add of item with id Magento_Sales::system_order_statuses was processed [] []
[2023-09-11T15:29:20.664532+00:00] main.INFO: Add of item with id Magento_MediaGalleryUi::media was processed [] []
[2023-09-11T15:29:20.665177+00:00] main.INFO: Add of item with id Magento_MediaGalleryUi::media_gallery was processed [] []
[2023-09-11T15:29:20.665864+00:00] main.INFO: Add of item with id Magento_Downloadable::report_products_downloads was processed [] []
[2023-09-11T15:29:20.666452+00:00] main.INFO: Add of item with id Magento_Integration::system_extensions was processed [] []
[2023-09-11T15:29:20.667070+00:00] main.INFO: Add of item with id Magento_Integration::system_integrations was processed [] []
[2023-09-11T15:29:20.667655+00:00] main.INFO: Add of item with id Magento_UrlRewrite::urlrewrite was processed [] []
[2023-09-11T15:29:20.668323+00:00] main.INFO: Add of item with id Magento_Tax::sales_tax was processed [] []
[2023-09-11T15:29:20.668995+00:00] main.INFO: Add of item with id Magento_Tax::sales_tax_rules was processed [] []
[2023-09-11T15:29:20.669613+00:00] main.INFO: Add of item with id Magento_Tax::sales_tax_rates was processed [] []
[2023-09-11T15:29:20.670227+00:00] main.INFO: Add of item with id Magento_Widget::cms_widget_instance was processed [] []
[2023-09-11T15:29:20.670836+00:00] main.INFO: Add of item with id Magento_Analytics::business_intelligence was processed [] []
[2023-09-11T15:29:20.671515+00:00] main.INFO: Add of item with id Magento_Analytics::advanced_reporting was processed [] []
[2023-09-11T15:29:20.672138+00:00] main.INFO: Add of item with id Magento_Analytics::bi_essentials was processed [] []
[2023-09-11T15:29:20.672844+00:00] main.INFO: Add of item with id Magento_ImportExport::system_convert_import was processed [] []
[2023-09-11T15:29:20.673455+00:00] main.INFO: Add of item with id Magento_ImportExport::system_convert_export was processed [] []
[2023-09-11T15:29:20.674030+00:00] main.INFO: Add of item with id Magento_ImportExport::system_convert_history was processed [] []
[2023-09-11T15:29:20.674675+00:00] main.INFO: Add of item with id Magento_Email::template was processed [] []
[2023-09-11T15:29:20.675292+00:00] main.INFO: Add of item with id Magento_EncryptionKey::system_crypt_key was processed [] []
[2023-09-11T15:29:20.675860+00:00] main.INFO: Add of item with id Magento_InventoryAdminUi::inventory was processed [] []
[2023-09-11T15:29:20.676516+00:00] main.INFO: Add of item with id Magento_InventoryAdminUi::source was processed [] []
[2023-09-11T15:29:20.677121+00:00] main.INFO: Add of item with id Magento_InventoryAdminUi::stock was processed [] []
[2023-09-11T15:29:20.677720+00:00] main.INFO: Add of item with id Magento_Reports::report was processed [] []
[2023-09-11T15:29:20.678290+00:00] main.INFO: Add of item with id Magento_Reports::report_marketing was processed [] []
[2023-09-11T15:29:20.678925+00:00] main.INFO: Add of item with id Magento_Reports::report_salesroot was processed [] []
[2023-09-11T15:29:20.679565+00:00] main.INFO: Add of item with id Magento_Reports::report_salesroot_sales was processed [] []
[2023-09-11T15:29:20.680188+00:00] main.INFO: Add of item with id Magento_Reports::report_salesroot_tax was processed [] []
[2023-09-11T15:29:20.680767+00:00] main.INFO: Add of item with id Magento_Reports::report_salesroot_invoiced was processed [] []
[2023-09-11T15:29:20.681415+00:00] main.INFO: Add of item with id Magento_Reports::report_salesroot_shipping was processed [] []
[2023-09-11T15:29:20.682204+00:00] main.INFO: Add of item with id Magento_Reports::report_salesroot_refunded was processed [] []
[2023-09-11T15:29:20.683240+00:00] main.INFO: Add of item with id Magento_Reports::report_salesroot_coupons was processed [] []
[2023-09-11T15:29:20.684116+00:00] main.INFO: Add of item with id Magento_Reports::report_shopcart_product was processed [] []
[2023-09-11T15:29:20.684720+00:00] main.INFO: Add of item with id Magento_Reports::report_shopcart_abandoned was processed [] []
[2023-09-11T15:29:20.685333+00:00] main.INFO: Add of item with id Magento_Reports::report_products was processed [] []
[2023-09-11T15:29:20.685956+00:00] main.INFO: Add of item with id Magento_Reports::report_products_bestsellers was processed [] []
[2023-09-11T15:29:20.686536+00:00] main.INFO: Add of item with id Magento_Reports::report_products_sold was processed [] []
[2023-09-11T15:29:20.687109+00:00] main.INFO: Add of item with id Magento_Reports::report_products_viewed was processed [] []
[2023-09-11T15:29:20.687711+00:00] main.INFO: Add of item with id Magento_Reports::report_products_lowstock was processed [] []
[2023-09-11T15:29:20.688327+00:00] main.INFO: Add of item with id Magento_Reports::report_customers was processed [] []
[2023-09-11T15:29:20.688979+00:00] main.INFO: Add of item with id Magento_Reports::report_customers_accounts was processed [] []
[2023-09-11T15:29:20.689622+00:00] main.INFO: Add of item with id Magento_Reports::report_customers_totals was processed [] []
[2023-09-11T15:29:20.690189+00:00] main.INFO: Add of item with id Magento_Reports::report_customers_orders was processed [] []
[2023-09-11T15:29:20.690752+00:00] main.INFO: Add of item with id Magento_Reports::report_statistics was processed [] []
[2023-09-11T15:29:20.691358+00:00] main.INFO: Add of item with id Magento_Reports::report_statistics_refresh was processed [] []
[2023-09-11T15:29:20.692004+00:00] main.INFO: Add of item with id Magento_Search::report_search_term was processed [] []
[2023-09-11T15:29:20.692584+00:00] main.INFO: Add of item with id Magento_LoginAsCustomerLog::login_log was processed [] []
[2023-09-11T15:29:20.693153+00:00] main.INFO: Add of item with id Magento_Marketplace::partners was processed [] []
[2023-09-11T15:29:20.693757+00:00] main.INFO: Add of item with id Magento_Newsletter::newsletter_template was processed [] []
[2023-09-11T15:29:20.694320+00:00] main.INFO: Add of item with id Magento_Newsletter::newsletter_queue was processed [] []
[2023-09-11T15:29:20.694883+00:00] main.INFO: Add of item with id Magento_Newsletter::newsletter_subscriber was processed [] []
[2023-09-11T15:29:20.695482+00:00] main.INFO: Add of item with id Magento_Newsletter::newsletter_problem was processed [] []
[2023-09-11T15:29:20.696089+00:00] main.INFO: Add of item with id Magento_SalesRule::promo_quote was processed [] []
[2023-09-11T15:29:20.696664+00:00] main.INFO: Add of item with id Magento_Sitemap::catalog_sitemap was processed [] []
[2023-09-11T15:29:20.697238+00:00] main.INFO: Add of item with id Magento_PageBuilder::templates was processed [] []
[2023-09-11T15:29:20.697844+00:00] main.INFO: Add of item with id Magento_Paypal::report_salesroot_paypal_settlement_reports was processed [] []
[2023-09-11T15:29:20.698750+00:00] main.INFO: Add of item with id Magento_Paypal::paypal_billing_agreement was processed [] []
[2023-09-11T15:29:20.700049+00:00] main.INFO: Add of item with id Magento_Review::catalog_reviews_ratings_ratings was processed [] []
[2023-09-11T15:29:20.700963+00:00] main.INFO: Add of item with id Magento_Review::catalog_reviews_ratings_pending was processed [] []
[2023-09-11T15:29:20.701650+00:00] main.INFO: Add of item with id Magento_Review::catalog_reviews_ratings_reviews_all was processed [] []
[2023-09-11T15:29:20.702263+00:00] main.INFO: Add of item with id Magento_Review::report_review was processed [] []
[2023-09-11T15:29:20.702919+00:00] main.INFO: Add of item with id Magento_Review::report_review_customer was processed [] []
[2023-09-11T15:29:20.703517+00:00] main.INFO: Add of item with id Magento_Review::report_review_product was processed [] []
[2023-09-11T15:29:20.704143+00:00] main.INFO: Add of item with id Magento_CheckoutAgreements::sales_checkoutagreement was processed [] []
[2023-09-11T15:29:20.704725+00:00] main.INFO: Add of item with id Magento_TaxImportExport::system_convert_tax was processed [] []
[2023-09-11T15:29:20.705290+00:00] main.INFO: Add of item with id Magento_AsynchronousOperations::system_magento_logging was processed [] []
[2023-09-11T15:29:20.705919+00:00] main.INFO: Add of item with id Magento_AsynchronousOperations::system_magento_logging_bulk_operations was processed [] []
[2023-09-11T15:29:20.706495+00:00] main.INFO: Add of item with id Magento_CurrencySymbol::system_currency was processed [] []
[2023-09-11T15:29:20.707085+00:00] main.INFO: Add of item with id Magento_CurrencySymbol::system_currency_rates was processed [] []
[2023-09-11T15:29:20.707700+00:00] main.INFO: Add of item with id Magento_CurrencySymbol::system_currency_symbols was processed [] []
[2023-09-11T15:29:20.708316+00:00] main.INFO: Add of item with id PayPal_Braintree::settlement_report was processed [] []
[2023-09-11T15:29:20.708925+00:00] main.INFO: Add of item with id PayPal_Braintree::virtual_terminal was processed [] []
[2023-09-13T05:57:23.409969+00:00] main.CRITICAL: Exception message: URL key for specified store already exists.
Trace: <pre>#1 Magento\UrlRewrite\Model\Storage\AbstractStorage->replace() called at [vendor/magento/framework/Interception/Interceptor.php:58]
#2 Magento\UrlRewrite\Model\Storage\DbStorage\Interceptor->___callParent() called at [vendor/magento/framework/Interception/Interceptor.php:138]
#3 Magento\UrlRewrite\Model\Storage\DbStorage\Interceptor->Magento\Framework\Interception\{closure}() called at [vendor/magento/framework/Interception/Interceptor.php:153]
#4 Magento\UrlRewrite\Model\Storage\DbStorage\Interceptor->___callPlugins() called at [generated/code/Magento/UrlRewrite/Model/Storage/DbStorage/Interceptor.php:50]
#5 Magento\UrlRewrite\Model\Storage\DbStorage\Interceptor->replace() called at [vendor/magento/module-catalog-url-rewrite/Model/Products/AppendUrlRewritesToProducts.php:102]
#6 Magento\CatalogUrlRewrite\Model\Products\AppendUrlRewritesToProducts->execute() called at [vendor/magento/module-catalog-url-rewrite/Observer/ProductProcessUrlRewriteSavingObserver.php:111]
#7 Magento\CatalogUrlRewrite\Observer\ProductProcessUrlRewriteSavingObserver->execute() called at [vendor/magento/framework/Event/Invoker/InvokerDefault.php:88]
#8 Magento\Framework\Event\Invoker\InvokerDefault->_callObserverMethod() called at [vendor/magento/framework/Event/Invoker/InvokerDefault.php:74]
#9 Magento\Framework\Event\Invoker\InvokerDefault->dispatch() called at [vendor/magento/framework/Event/Manager.php:65]
#10 Magento\Framework\Event\Manager->dispatch() called at [generated/code/Magento/Framework/Event/Manager/Proxy.php:95]
#11 Magento\Framework\Event\Manager\Proxy->dispatch() called at [vendor/magento/framework/Model/AbstractModel.php:837]
#12 Magento\Framework\Model\AbstractModel->afterSave() called at [vendor/magento/module-catalog/Model/Product.php:985]
#13 Magento\Catalog\Model\Product->afterSave() called at [generated/code/Magento/Catalog/Model/Product/Interceptor.php:248]
#14 Magento\Catalog\Model\Product\Interceptor->afterSave() called at [vendor/magento/framework/EntityManager/Observer/AfterEntitySave.php:34]
#15 Magento\Framework\EntityManager\Observer\AfterEntitySave->execute() called at [vendor/magento/framework/Event/Invoker/InvokerDefault.php:88]
#16 Magento\Framework\Event\Invoker\InvokerDefault->_callObserverMethod() called at [vendor/magento/framework/Event/Invoker/InvokerDefault.php:74]
#17 Magento\Framework\Event\Invoker\InvokerDefault->dispatch() called at [vendor/magento/framework/Event/Manager.php:65]
#18 Magento\Framework\Event\Manager->dispatch() called at [generated/code/Magento/Framework/Event/Manager/Proxy.php:95]
#19 Magento\Framework\Event\Manager\Proxy->dispatch() called at [vendor/magento/framework/EntityManager/EventManager.php:50]
#20 Magento\Framework\EntityManager\EventManager->dispatchEntityEvent() called at [vendor/magento/framework/EntityManager/Operation/Create.php:123]
#21 Magento\Framework\EntityManager\Operation\Create->execute() called at [vendor/magento/framework/EntityManager/EntityManager.php:106]
#22 Magento\Framework\EntityManager\EntityManager->save() called at [vendor/magento/module-catalog/Model/ResourceModel/Product.php:777]
#23 Magento\Catalog\Model\ResourceModel\Product->save() called at [vendor/magento/framework/Interception/Interceptor.php:58]
#24 Magento\Catalog\Model\ResourceModel\Product\Interceptor->___callParent() called at [vendor/magento/framework/Interception/Interceptor.php:138]
#25 Magento\Catalog\Model\ResourceModel\Product\Interceptor->Magento\Framework\Interception\{closure}() called at [vendor/magento/module-catalog-search/Model/Indexer/Fulltext/Plugin/Product.php:58]
#26 Magento\CatalogSearch\Model\Indexer\Fulltext\Plugin\Product->addCommitCallback() called at [vendor/magento/module-catalog-search/Model/Indexer/Fulltext/Plugin/Product.php:28]
#27 Magento\CatalogSearch\Model\Indexer\Fulltext\Plugin\Product->aroundSave() called at [vendor/magento/framework/Interception/Interceptor.php:135]
#28 Magento\Catalog\Model\ResourceModel\Product\Interceptor->Magento\Framework\Interception\{closure}() called at [vendor/magento/framework/Interception/Interceptor.php:153]
#29 Magento\Catalog\Model\ResourceModel\Product\Interceptor->___callPlugins() called at [generated/code/Magento/Catalog/Model/ResourceModel/Product/Interceptor.php:194]
#30 Magento\Catalog\Model\ResourceModel\Product\Interceptor->save() called at [vendor/magento/framework/Model/AbstractModel.php:663]
#31 Magento\Framework\Model\AbstractModel->save() called at [generated/code/Magento/Catalog/Model/Product/Interceptor.php:1706]
#32 Magento\Catalog\Model\Product\Interceptor->save() called at [vendor/magento/module-catalog/Controller/Adminhtml/Product/Save.php:143]
#33 Magento\Catalog\Controller\Adminhtml\Product\Save->execute() called at [vendor/magento/framework/Interception/Interceptor.php:58]
#34 Magento\Catalog\Controller\Adminhtml\Product\Save\Interceptor->___callParent() called at [vendor/magento/framework/Interception/Interceptor.php:138]
#35 Magento\Catalog\Controller\Adminhtml\Product\Save\Interceptor->Magento\Framework\Interception\{closure}() called at [vendor/magento/framework/Interception/Interceptor.php:153]
#36 Magento\Catalog\Controller\Adminhtml\Product\Save\Interceptor->___callPlugins() called at [generated/code/Magento/Catalog/Controller/Adminhtml/Product/Save/Interceptor.php:23]
#37 Magento\Catalog\Controller\Adminhtml\Product\Save\Interceptor->execute() called at [vendor/magento/framework/App/Action/Action.php:111]
#38 Magento\Framework\App\Action\Action->dispatch() called at [vendor/magento/module-backend/App/AbstractAction.php:151]
#39 Magento\Backend\App\AbstractAction->dispatch() called at [vendor/magento/framework/Interception/Interceptor.php:58]
#40 Magento\Catalog\Controller\Adminhtml\Product\Save\Interceptor->___callParent() called at [vendor/magento/framework/Interception/Interceptor.php:138]
#41 Magento\Catalog\Controller\Adminhtml\Product\Save\Interceptor->Magento\Framework\Interception\{closure}() called at [vendor/magento/module-backend/App/Action/Plugin/Authentication.php:145]
#42 Magento\Backend\App\Action\Plugin\Authentication->aroundDispatch() called at [vendor/magento/framework/Interception/Interceptor.php:135]
#43 Magento\Catalog\Controller\Adminhtml\Product\Save\Interceptor->Magento\Framework\Interception\{closure}() called at [vendor/magento/framework/Interception/Interceptor.php:153]
#44 Magento\Catalog\Controller\Adminhtml\Product\Save\Interceptor->___callPlugins() called at [generated/code/Magento/Catalog/Controller/Adminhtml/Product/Save/Interceptor.php:32]
#45 Magento\Catalog\Controller\Adminhtml\Product\Save\Interceptor->dispatch() called at [vendor/magento/framework/App/FrontController.php:245]
#46 Magento\Framework\App\FrontController->getActionResponse() called at [vendor/magento/framework/App/FrontController.php:212]
#47 Magento\Framework\App\FrontController->processRequest() called at [vendor/magento/framework/App/FrontController.php:147]
#48 Magento\Framework\App\FrontController->dispatch() called at [vendor/magento/framework/Interception/Interceptor.php:58]
#49 Magento\Framework\App\FrontController\Interceptor->___callParent() called at [vendor/magento/framework/Interception/Interceptor.php:138]
#50 Magento\Framework\App\FrontController\Interceptor->Magento\Framework\Interception\{closure}() called at [vendor/magento/framework/Interception/Interceptor.php:153]
#51 Magento\Framework\App\FrontController\Interceptor->___callPlugins() called at [generated/code/Magento/Framework/App/FrontController/Interceptor.php:23]
#52 Magento\Framework\App\FrontController\Interceptor->dispatch() called at [vendor/magento/framework/App/Http.php:116]
#53 Magento\Framework\App\Http->launch() called at [generated/code/Magento/Framework/App/Http/Interceptor.php:23]
#54 Magento\Framework\App\Http\Interceptor->launch() called at [vendor/magento/framework/App/Bootstrap.php:264]
#55 Magento\Framework\App\Bootstrap->run() called at [pub/index.php:30]
</pre> [] []
[2023-09-17T02:26:48.995310+00:00] main.WARNING: Memory size allocated for the temporary table is more than 20% of innodb_buffer_pool_size. Please update innodb_buffer_pool_size or decrease batch size value (which decreases memory usages for the temporary table). Current batch size: 100000; Allocated memory size: 50000000 bytes; InnoDB buffer pool size: 134217728 bytes. [] []
[2023-09-17T02:26:49.065523+00:00] main.WARNING: Memory size allocated for the temporary table is more than 20% of innodb_buffer_pool_size. Please update innodb_buffer_pool_size or decrease batch size value (which decreases memory usages for the temporary table). Current batch size: 100000; Allocated memory size: 50000000 bytes; InnoDB buffer pool size: 134217728 bytes. [] []
[2023-09-17T02:26:49.137260+00:00] main.WARNING: Memory size allocated for the temporary table is more than 20% of innodb_buffer_pool_size. Please update innodb_buffer_pool_size or decrease batch size value (which decreases memory usages for the temporary table). Current batch size: 100000; Allocated memory size: 50000000 bytes; InnoDB buffer pool size: 134217728 bytes. [] []
[2023-09-17T02:26:49.364230+00:00] main.WARNING: Memory size allocated for the temporary table is more than 20% of innodb_buffer_pool_size. Please update innodb_buffer_pool_size or decrease batch size value (which decreases memory usages for the temporary table). Current batch size: 100000; Allocated memory size: 50000000 bytes; InnoDB buffer pool size: 134217728 bytes. [] []
[2023-09-17T02:26:49.472688+00:00] main.WARNING: Memory size allocated for the temporary table is more than 20% of innodb_buffer_pool_size. Please update innodb_buffer_pool_size or decrease batch size value (which decreases memory usages for the temporary table). Current batch size: 100000; Allocated memory size: 50000000 bytes; InnoDB buffer pool size: 134217728 bytes. [] []
[2023-09-17T02:26:49.577891+00:00] main.WARNING: Memory size allocated for the temporary table is more than 20% of innodb_buffer_pool_size. Please update innodb_buffer_pool_size or decrease batch size value (which decreases memory usages for the temporary table). Current batch size: 100000; Allocated memory size: 50000000 bytes; InnoDB buffer pool size: 134217728 bytes. [] []
[2023-09-17T02:26:54.326342+00:00] main.WARNING: Memory size allocated for the temporary table is more than 20% of innodb_buffer_pool_size. Please update innodb_buffer_pool_size or decrease batch size value (which decreases memory usages for the temporary table). Current batch size: 3334; Allocated memory size: 40008000 bytes; InnoDB buffer pool size: 134217728 bytes. [] []
[2023-09-17T02:27:36.937929+00:00] main.WARNING: Memory size allocated for the temporary table is more than 20% of innodb_buffer_pool_size. Please update innodb_buffer_pool_size or decrease batch size value (which decreases memory usages for the temporary table). Current batch size: 100000; Allocated memory size: 50000000 bytes; InnoDB buffer pool size: 134217728 bytes. [] []
[2023-09-17T02:27:37.000881+00:00] main.WARNING: Memory size allocated for the temporary table is more than 20% of innodb_buffer_pool_size. Please update innodb_buffer_pool_size or decrease batch size value (which decreases memory usages for the temporary table). Current batch size: 100000; Allocated memory size: 50000000 bytes; InnoDB buffer pool size: 134217728 bytes. [] []
[2023-09-17T02:27:37.067344+00:00] main.WARNING: Memory size allocated for the temporary table is more than 20% of innodb_buffer_pool_size. Please update innodb_buffer_pool_size or decrease batch size value (which decreases memory usages for the temporary table). Current batch size: 100000; Allocated memory size: 50000000 bytes; InnoDB buffer pool size: 134217728 bytes. [] []
[2023-09-17T02:27:40.769260+00:00] main.WARNING: Memory size allocated for the temporary table is more than 20% of innodb_buffer_pool_size. Please update innodb_buffer_pool_size or decrease batch size value (which decreases memory usages for the temporary table). Current batch size: 3334; Allocated memory size: 40008000 bytes; InnoDB buffer pool size: 134217728 bytes. [] []
[2023-09-17T02:30:54.018332+00:00] main.ERROR: Unable to resolve the source file for 'frontend/Magento/luma/en_US/vimeo/player.js.map' [] []
[2023-09-17T02:30:54.019531+00:00] main.CRITICAL: Unable to resolve the source file for 'frontend/Magento/luma/en_US/vimeo/player.js.map' [] []
[2023-09-17T02:32:40.944891+00:00] main.ERROR: Unable to resolve the source file for 'frontend/Magento/luma/en_US/vimeo/player.js.map' [] []
[2023-09-17T02:32:40.946523+00:00] main.CRITICAL: Unable to resolve the source file for 'frontend/Magento/luma/en_US/vimeo/player.js.map' [] []
[2023-09-17T02:41:25.810781+00:00] main.ERROR: Unable to resolve the source file for 'frontend/Magento/luma/en_US/vimeo/player.js.map' [] []
[2023-09-17T02:41:25.812600+00:00] main.CRITICAL: Unable to resolve the source file for 'frontend/Magento/luma/en_US/vimeo/player.js.map' [] []
[2023-09-17T02:42:09.709836+00:00] main.ERROR: Unable to resolve the source file for 'frontend/Magento/luma/en_US/vimeo/player.js.map' [] []
[2023-09-17T02:42:09.711832+00:00] main.CRITICAL: Unable to resolve the source file for 'frontend/Magento/luma/en_US/vimeo/player.js.map' [] []
